  Entry.cpp
C:\Users\antho\Desktop\SauerWare\SauerbratenInternal\SauerbratenInternal\Entry.cpp(34,90): warning C4311: 'type cast': pointer truncation from 'HMODULE' to 'int'
C:\Users\antho\Desktop\SauerWare\SauerbratenInternal\SauerbratenInternal\Entry.cpp(34,90): warning C4302: 'type cast': truncation from 'HMODULE' to 'int'
C:\Users\antho\Desktop\SauerWare\SauerbratenInternal\SauerbratenInternal\Entry.cpp(34,43): warning C4312: 'type cast': conversion from 'int' to 'Core::ImportedFuncs::SDL_GL_GetProcAddress_t' of greater size
C:\Users\antho\Desktop\SauerWare\SauerbratenInternal\SauerbratenInternal\Entry.cpp(37,110): warning C4311: 'type cast': pointer truncation from 'HMODULE' to 'int'
C:\Users\antho\Desktop\SauerWare\SauerbratenInternal\SauerbratenInternal\Entry.cpp(37,110): warning C4302: 'type cast': truncation from 'HMODULE' to 'int'
C:\Users\antho\Desktop\SauerWare\SauerbratenInternal\SauerbratenInternal\Entry.cpp(37,60): warning C4312: 'type cast': conversion from 'int' to 'Core::ImportedFuncs::SDL_SetRelativeMouseMode_t' of greater size
C:\Users\antho\Desktop\SauerWare\SauerbratenInternal\SauerbratenInternal\Entry.cpp(40,83): warning C4311: 'type cast': pointer truncation from 'HMODULE' to 'int'
C:\Users\antho\Desktop\SauerWare\SauerbratenInternal\SauerbratenInternal\Entry.cpp(40,83): warning C4302: 'type cast': truncation from 'HMODULE' to 'int'
C:\Users\antho\Desktop\SauerWare\SauerbratenInternal\SauerbratenInternal\Entry.cpp(40,43): warning C4312: 'type cast': conversion from 'int' to 'Core::ImportedFuncs::SDL_ShowCursor_t' of greater size
C:\Users\antho\Desktop\SauerWare\SauerbratenInternal\SauerbratenInternal\Entry.cpp(43,104): warning C4311: 'type cast': pointer truncation from 'HMODULE' to 'int'
C:\Users\antho\Desktop\SauerWare\SauerbratenInternal\SauerbratenInternal\Entry.cpp(43,104): warning C4302: 'type cast': truncation from 'HMODULE' to 'int'
C:\Users\antho\Desktop\SauerWare\SauerbratenInternal\SauerbratenInternal\Entry.cpp(43,57): warning C4312: 'type cast': conversion from 'int' to 'Core::ImportedFuncs::SDL_WarpMouseInWindow_t' of greater size
LINK : warning LNK4098: defaultlib 'LIBCMT' conflicts with use of other libs; use /NODEFAULTLIB:library
  Generating code
  5 of 2535 functions ( 0.2%) were compiled, the rest were copied from previous compilation.
    0 functions were new in current compilation
    47 functions had inline decision re-evaluated but remain unchanged
  Finished generating code
  SauerbratenInternal.vcxproj -> C:\Users\antho\Desktop\SauerWare\SauerbratenInternal\x64\Release\SauerbratenInternal.dll
